<?xml version="1.0" encoding="UTF-8"?>
<testsuite name="soundsystem.CDPlayerConfigTest" tests="0" skipped="0" failures="0" errors="0" timestamp="1970-01-01T00:00:00" hostname="Nick-LeeDongHo.local" time="0.0">
  <properties/>
  <system-out><![CDATA[]]></system-out>
  <system-err><![CDATA[9월 25, 2015 10:33:52 오전 org.springframework.test.context.support.DefaultTestContextBootstrapper getDefaultTestExecutionListenerClassNames
정보: Loaded default TestExecutionListener class names from location [META-INF/spring.factories]: [org.springframework.test.context.web.ServletTestExecutionListener, org.springframework.test.context.support.DirtiesContextBeforeModesTestExecutionListener, org.springframework.test.context.support.DependencyInjectionTestExecutionListener, org.springframework.test.context.support.DirtiesContextTestExecutionListener, org.springframework.test.context.transaction.TransactionalTestExecutionListener, org.springframework.test.context.jdbc.SqlScriptsTestExecutionListener]
9월 25, 2015 10:33:52 오전 org.springframework.test.context.support.DefaultTestContextBootstrapper instantiateListeners
정보: Could not instantiate TestExecutionListener [org.springframework.test.context.web.ServletTestExecutionListener]. Specify custom listener classes or make the default listener classes (and their required dependencies) available. Offending class: [javax/servlet/ServletContext]
9월 25, 2015 10:33:52 오전 org.springframework.test.context.support.DefaultTestContextBootstrapper instantiateListeners
정보: Could not instantiate TestExecutionListener [org.springframework.test.context.jdbc.SqlScriptsTestExecutionListener]. Specify custom listener classes or make the default listener classes (and their required dependencies) available. Offending class: [org/springframework/transaction/interceptor/TransactionAttribute]
9월 25, 2015 10:33:52 오전 org.springframework.test.context.support.DefaultTestContextBootstrapper instantiateListeners
정보: Could not instantiate TestExecutionListener [org.springframework.test.context.transaction.TransactionalTestExecutionListener]. Specify custom listener classes or make the default listener classes (and their required dependencies) available. Offending class: [org/springframework/transaction/interceptor/TransactionAttributeSource]
9월 25, 2015 10:33:52 오전 org.springframework.test.context.support.DefaultTestContextBootstrapper getTestExecutionListeners
정보: Using TestExecutionListeners: [org.springframework.test.context.support.DirtiesContextBeforeModesTestExecutionListener@223a4c54, org.springframework.test.context.support.DependencyInjectionTestExecutionListener@1d9c4da5, org.springframework.test.context.support.DirtiesContextTestExecutionListener@2e2223a2]
]]></system-err>
</testsuite>
